# JRE version: Java(TM) SE Runtime Environment (7.0_80-b15) (build 1.7.0_80-b15)
# Java VM: Java HotSpot(TM) 64-Bit Server VM (24.80-b11 mixed mode linux-amd64 compressed oops)
Heap
 def new generation   total 27392K, used 10886K [0x000000077de00000, 0x000000077fbb0000, 0x00000007a78a0000)
  eden space 24384K,  32% used [0x000000077de00000, 0x000000077e5b19d0, 0x000000077f5d0000)
  from space 3008K,  99% used [0x000000077f8c0000, 0x000000077fbafff8, 0x000000077fbb0000)
  to   space 3008K,   0% used [0x000000077f5d0000, 0x000000077f5d0000, 0x000000077f8c0000)
 tenured generation   total 60680K, used 37430K [0x00000007a78a0000, 0x00000007ab3e2000, 0x00000007fae00000)
   the space 60680K,  61% used [0x00000007a78a0000, 0x00000007a9d2da50, 0x00000007a9d2dc00, 0x00000007ab3e2000)
 compacting perm gen  total 34368K, used 34367K [0x00000007fae00000, 0x00000007fcf90000, 0x0000000800000000)
   the space 34368K,  99% used [0x00000007fae00000, 0x00000007fcf8fff0, 0x00000007fcf90000, 0x00000007fcf90000)
GC Heap History (10 events):
Event: 15,909 GC heap before
{Heap before GC invocations=27 (full 2):
 def new generation   total 14336K, used 14335K [0x000000077de00000, 0x000000077ed80000, 0x00000007a78a0000)
  eden space 12800K, 100% used [0x000000077de00000, 0x000000077ea80000, 0x000000077ea80000)
  from space 1536K,  99% used [0x000000077ec00000, 0x000000077ed7fff8, 0x000000077ed80000)
  to   space 1536K,   0% used [0x000000077ea80000, 0x000000077ea80000, 0x000000077ec00000)
 tenured generation   total 31608K, used 30850K [0x00000007a78a0000, 0x00000007a977e000, 0x00000007fae00000)
   the space 31608K,  97% used [0x00000007a78a0000, 0x00000007a96c0808, 0x00000007a96c0a00, 0x00000007a977e000)
 compacting perm gen  total 24448K, used 24305K [0x00000007fae00000, 0x00000007fc5e0000, 0x0000000800000000)
   the space 24448K,  99% used [0x00000007fae00000, 0x00000007fc5bc498, 0x00000007fc5bc600, 0x00000007fc5e0000)
No shared spaces configured.
Event: 16,030 GC heap after
Heap after GC invocations=28 (full 3):
 def new generation   total 24768K, used 1411K [0x000000077de00000, 0x000000077f8e0000, 0x00000007a78a0000)
  eden space 22016K,   6% used [0x000000077de00000, 0x000000077df60f50, 0x000000077f380000)
  from space 2752K,   0% used [0x000000077f380000, 0x000000077f380000, 0x000000077f630000)
  to   space 2752K,   0% used [0x000000077f630000, 0x000000077f630000, 0x000000077f8e0000)
 tenured generation   total 54920K, used 32952K [0x00000007a78a0000, 0x00000007aae42000, 0x00000007fae00000)
   the space 54920K,  60% used [0x00000007a78a0000, 0x00000007a98ce000, 0x00000007a98ce000, 0x00000007aae42000)
 compacting perm gen  total 24448K, used 24305K [0x00000007fae00000, 0x00000007fc5e0000, 0x0000000800000000)
   the space 24448K,  99% used [0x00000007fae00000, 0x00000007fc5bc498, 0x00000007fc5bc600, 0x00000007fc5e0000)
No shared spaces configured.
}
Event: 16,660 GC heap before
{Heap before GC invocations=28 (full 3):
 def new generation   total 24768K, used 22016K [0x000000077de00000, 0x000000077f8e0000, 0x00000007a78a0000)
  eden space 22016K, 100% used [0x000000077de00000, 0x000000077f380000, 0x000000077f380000)
  from space 2752K,   0% used [0x000000077f380000, 0x000000077f380000, 0x000000077f630000)
  to   space 2752K,   0% used [0x000000077f630000, 0x000000077f630000, 0x000000077f8e0000)
 tenured generation   total 54920K, used 32952K [0x00000007a78a0000, 0x00000007aae42000, 0x00000007fae00000)
   the space 54920K,  60% used [0x00000007a78a0000, 0x00000007a98ce000, 0x00000007a98ce000, 0x00000007aae42000)
 compacting perm gen  total 25728K, used 25444K [0x00000007fae00000, 0x00000007fc720000, 0x0000000800000000)
   the space 25728K,  98% used [0x00000007fae00000, 0x00000007fc6d9200, 0x00000007fc6d9200, 0x00000007fc720000)
No shared spaces configured.
Event: 16,696 GC heap after
Heap after GC invocations=29 (full 3):
 def new generation   total 24768K, used 2752K [0x000000077de00000, 0x000000077f8e0000, 0x00000007a78a0000)
  eden space 22016K,   0% used [0x000000077de00000, 0x000000077de00000, 0x000000077f380000)
  from space 2752K, 100% used [0x000000077f630000, 0x000000077f8e0000, 0x000000077f8e0000)
  to   space 2752K,   0% used [0x000000077f380000, 0x000000077f380000, 0x000000077f630000)
 tenured generation   total 54920K, used 34449K [0x00000007a78a0000, 0x00000007aae42000, 0x00000007fae00000)
   the space 54920K,  62% used [0x00000007a78a0000, 0x00000007a9a44750, 0x00000007a9a44800, 0x00000007aae42000)
 compacting perm gen  total 25728K, used 25444K [0x00000007fae00000, 0x00000007fc720000, 0x0000000800000000)
   the space 25728K,  98% used [0x00000007fae00000, 0x00000007fc6d9200, 0x00000007fc6d9200, 0x00000007fc720000)
No shared spaces configured.
}
Event: 20,869 GC heap before
{Heap before GC invocations=29 (full 3):
 def new generation   total 24768K, used 24768K [0x000000077de00000, 0x000000077f8e0000, 0x00000007a78a0000)
  eden space 22016K, 100% used [0x000000077de00000, 0x000000077f380000, 0x000000077f380000)
  from space 2752K, 100% used [0x000000077f630000, 0x000000077f8e0000, 0x000000077f8e0000)
  to   space 2752K,   0% used [0x000000077f380000, 0x000000077f380000, 0x000000077f630000)
 tenured generation   total 54920K, used 34449K [0x00000007a78a0000, 0x00000007aae42000, 0x00000007fae00000)
   the space 54920K,  62% used [0x00000007a78a0000, 0x00000007a9a44750, 0x00000007a9a44800, 0x00000007aae42000)
 compacting perm gen  total 27008K, used 26879K [0x00000007fae00000, 0x00000007fc860000, 0x0000000800000000)
   the space 27008K,  99% used [0x00000007fae00000, 0x00000007fc83fea0, 0x00000007fc840000, 0x00000007fc860000)
No shared spaces configured.
Event: 20,910 GC heap after
Heap after GC invocations=30 (full 3):
 def new generation   total 24768K, used 2752K [0x000000077de00000, 0x000000077f8e0000, 0x00000007a78a0000)
  eden space 22016K,   0% used [0x000000077de00000, 0x000000077de00000, 0x000000077f380000)
  from space 2752K, 100% used [0x000000077f380000, 0x000000077f630000, 0x000000077f630000)
  to   space 2752K,   0% used [0x000000077f630000, 0x000000077f630000, 0x000000077f8e0000)
 tenured generation   total 54920K, used 40224K [0x00000007a78a0000, 0x00000007aae42000, 0x00000007fae00000)
   the space 54920K,  73% used [0x00000007a78a0000, 0x00000007a9fe8090, 0x00000007a9fe8200, 0x00000007aae42000)
 compacting perm gen  total 27008K, used 26879K [0x00000007fae00000, 0x00000007fc860000, 0x0000000800000000)
   the space 27008K,  99% used [0x00000007fae00000, 0x00000007fc83fea0, 0x00000007fc840000, 0x00000007fc860000)
No shared spaces configured.
}
Event: 67,511 GC heap before
{Heap before GC invocations=30 (full 3):
 def new generation   total 24768K, used 24229K [0x000000077de00000, 0x000000077f8e0000, 0x00000007a78a0000)
  eden space 22016K,  97% used [0x000000077de00000, 0x000000077f2f9450, 0x000000077f380000)
  from space 2752K, 100% used [0x000000077f380000, 0x000000077f630000, 0x000000077f630000)
  to   space 2752K,   0% used [0x000000077f630000, 0x000000077f630000, 0x000000077f8e0000)
 tenured generation   total 54920K, used 40224K [0x00000007a78a0000, 0x00000007aae42000, 0x00000007fae00000)
   the space 54920K,  73% used [0x00000007a78a0000, 0x00000007a9fe8090, 0x00000007a9fe8200, 0x00000007aae42000)
 compacting perm gen  total 29888K, used 29887K [0x00000007fae00000, 0x00000007fcb30000, 0x0000000800000000)
   the space 29888K,  99% used [0x00000007fae00000, 0x00000007fcb2ffe8, 0x00000007fcb30000, 0x00000007fcb30000)
No shared spaces configured.
Event: 68,410 GC heap after
Heap after GC invocations=31 (full 4):
 def new generation   total 27392K, used 0K [0x000000077de00000, 0x000000077fbb0000, 0x00000007a78a0000)
  eden space 24384K,   0% used [0x000000077de00000, 0x000000077de00000, 0x000000077f5d0000)
  from space 3008K,   0% used [0x000000077f5d0000, 0x000000077f5d0000, 0x000000077f8c0000)
  to   space 3008K,   0% used [0x000000077f8c0000, 0x000000077f8c0000, 0x000000077fbb0000)
 tenured generation   total 60680K, used 36407K [0x00000007a78a0000, 0x00000007ab3e2000, 0x00000007fae00000)
   the space 60680K,  59% used [0x00000007a78a0000, 0x00000007a9c2dca0, 0x00000007a9c2de00, 0x00000007ab3e2000)
 compacting perm gen  total 29888K, used 29873K [0x00000007fae00000, 0x00000007fcb30000, 0x0000000800000000)
   the space 29888K,  99% used [0x00000007fae00000, 0x00000007fcb2c500, 0x00000007fcb2c600, 0x00000007fcb30000)
No shared spaces configured.
}
Event: 172,039 GC heap before
{Heap before GC invocations=31 (full 4):
 def new generation   total 27392K, used 24384K [0x000000077de00000, 0x000000077fbb0000, 0x00000007a78a0000)
  eden space 24384K, 100% used [0x000000077de00000, 0x000000077f5d0000, 0x000000077f5d0000)
  from space 3008K,   0% used [0x000000077f5d0000, 0x000000077f5d0000, 0x000000077f8c0000)
  to   space 3008K,   0% used [0x000000077f8c0000, 0x000000077f8c0000, 0x000000077fbb0000)
 tenured generation   total 60680K, used 36407K [0x00000007a78a0000, 0x00000007ab3e2000, 0x00000007fae00000)
   the space 60680K,  59% used [0x00000007a78a0000, 0x00000007a9c2dca0, 0x00000007a9c2de00, 0x00000007ab3e2000)
 compacting perm gen  total 33408K, used 33360K [0x00000007fae00000, 0x00000007fcea0000, 0x0000000800000000)
   the space 33408K,  99% used [0x00000007fae00000, 0x00000007fce940b8, 0x00000007fce94200, 0x00000007fcea0000)
No shared spaces configured.
Event: 173,398 GC heap after
Heap after GC invocations=32 (full 4):
 def new generation   total 27392K, used 3007K [0x000000077de00000, 0x000000077fbb0000, 0x00000007a78a0000)
  eden space 24384K,   0% used [0x000000077de00000, 0x000000077de00000, 0x000000077f5d0000)
  from space 3008K,  99% used [0x000000077f8c0000, 0x000000077fbafff8, 0x000000077fbb0000)
  to   space 3008K,   0% used [0x000000077f5d0000, 0x000000077f5d0000, 0x000000077f8c0000)
 tenured generation   total 60680K, used 37430K [0x00000007a78a0000, 0x00000007ab3e2000, 0x00000007fae00000)
   the space 60680K,  61% used [0x00000007a78a0000, 0x00000007a9d2da50, 0x00000007a9d2dc00, 0x00000007ab3e2000)
 compacting perm gen  total 33408K, used 33360K [0x00000007fae00000, 0x00000007fcea0000, 0x0000000800000000)
   the space 33408K,  99% used [0x00000007fae00000, 0x00000007fce940b8, 0x00000007fce94200, 0x00000007fcea0000)
No shared spaces configured.
}

